<?xml version="1.0" encoding="UTF-8"?>
<!-- Generated by org.testng.reporters.JUnitReportReporter -->
<testsuite skipped="0" hostname="IT3784-Priyanka" name="Academy.Smallcase.Amazon" tests="1" failures="0" timestamp="2020-09-26T13:17:25 IST" time="94.090" errors="0">
  <testcase name="homepageNavigation" time="94.090" classname="Academy.Smallcase.Amazon"/>
</testsuite> <!-- Academy.Smallcase.Amazon -->
